
> clientpage@0.1.0 build
> next build

Γû▓ Next.js 16.1.6 (Turbopack)
- Environments: .env.local, .env

node.exe : ΓÜá The "middleware" file 
convention is deprecated. Please use 
"proxy" instead. Learn more: https://nextjs.
org/docs/messages/middleware-to-proxy
At line:1 char:1
+ & "C:\Program Files\nodejs/node.exe" 
"C:\Program Files\nodejs/node_mo ...
+ ~~~~~~~~~~~~~~~~~~~~~~~~~~~~~~~~~~~~~~~~~~
~~~~~~~~~~~~~~~~~~~~~~~~~~~
    + CategoryInfo          : NotSpecified: 
    (ΓÜá The "middle...leware-to-proxy:Str  
  ing) [], RemoteException
    + FullyQualifiedErrorId : NativeCommand 
   Error
 
  Creating an optimized production build ...
Γ£ô Compiled successfully in 9.7s
  Running TypeScript ...
Failed to compile.

./app/dashboard/deadlines/DeadlinesClient.ts
x:83:94
Type error: Property 'client_name' does not 
exist on type 'Deadline'.

[0m [90m 81 |[39m                        
                 [33m<[39m[33m/[39m[33m
h4[39m[33m>[39m
 [90m 82 |[39m                            
             [33m<[39m[33mdiv[39m 
className[33m=[39m[32m"flex items-center 
gap-2"[39m[33m>[39m
[31m[1m>[22m[39m[90m 83 |[39m         
                                    
[33m<[39m[33mp[39m 
className[33m=[39m[32m"text-xs text-muted
-foreground"[39m[33m>[39m{dl[33m.[39mcl
ient_name}[33m<[39m[33m/[39m[33mp[39m
[33m>[39m
 [90m    |[39m                            
                                            
                      [31m[1m^[22m[39m
 [90m 84 |[39m                            
                 [33m<[39m[33mspan[39m 
className[33m=[39m[32m"text-[10px] 
text-muted-foreground/50 px-1 rounded 
bg-muted/50 border border-border/50"[39m[3
3m>[39m{dl[33m.[39mtype}[33m<[39m[33m/
[39m[33mspan[39m[33m>[39m
 [90m 85 |[39m                            
             [33m<[39m[33m/[39m[33mdiv
[39m[33m>[39m
 [90m 86 |[39m                            
         [33m<[39m[33m/[39m[33mdiv[39m
[33m>[39m[0m
Next.js build worker exited with code: 1 
and signal: null
